<?xml version="1.0" encoding="UTF-8"?>
<!-- Generated by org.testng.reporters.JUnitReportReporter -->
<testsuite hostname="Ronits-MacBook-Pro.local" failures="0" tests="1" name="MainTestNG" time="52.080" errors="0" timestamp="2022-08-14T14:51:02 EDT" skipped="0">
  <testcase classname="MainTestNG" name="sus" time="52.080"/>
  <system-out/>
</testsuite> <!-- MainTestNG -->
